D:\WSTUDY\SECOND\2.SEGCODE\CODE\VIBE\VIBE\DEBUG\HANSHU.OBJ
D:\WSTUDY\SECOND\2.SEGCODE\CODE\VIBE\VIBE\DEBUG\STDAFX.OBJ
D:\WSTUDY\SECOND\2.SEGCODE\CODE\VIBE\VIBE\DEBUG\VIBE.OBJ
D:\WSTUDY\SECOND\2.SEGCODE\CODE\VIBE\VIBE\DEBUG\VC110.PDB
D:\WSTUDY\SECOND\2.SEGCODE\CODE\VIBE\VIBE\DEBUG\VIBE.ILK
D:\WSTUDY\SECOND\2.SEGCODE\CODE\VIBE\VIBE\DEBUG\VIBE.EXE
D:\WSTUDY\SECOND\2.SEGCODE\CODE\VIBE\VIBE\DEBUG\VIBE.PDB
D:\wstudy\second\2.Segcode\code\ViBe\ViBe\Debug\hanshu.obj
D:\wstudy\second\2.Segcode\code\ViBe\ViBe\Debug\stdafx.obj
D:\wstudy\second\2.Segcode\code\ViBe\ViBe\Debug\vibe.obj
D:\wstudy\second\2.Segcode\code\ViBe\ViBe\Debug\ViBe.ilk
D:\wstudy\second\2.Segcode\code\ViBe\ViBe\Debug\cl.command.1.tlog
D:\wstudy\second\2.Segcode\code\ViBe\ViBe\Debug\CL.read.1.tlog
D:\wstudy\second\2.Segcode\code\ViBe\ViBe\Debug\CL.write.1.tlog
D:\wstudy\second\2.Segcode\code\ViBe\ViBe\Debug\link-cvtres.read.1.tlog
D:\wstudy\second\2.Segcode\code\ViBe\ViBe\Debug\link-cvtres.write.1.tlog
D:\wstudy\second\2.Segcode\code\ViBe\ViBe\Debug\link-rc.read.1.tlog
D:\wstudy\second\2.Segcode\code\ViBe\ViBe\Debug\link-rc.write.1.tlog
D:\wstudy\second\2.Segcode\code\ViBe\ViBe\Debug\link.command.1.tlog
D:\wstudy\second\2.Segcode\code\ViBe\ViBe\Debug\link.read.1.tlog
D:\wstudy\second\2.Segcode\code\ViBe\ViBe\Debug\link.write.1.tlog
D:\wstudy\second\2.Segcode\code\ViBe\ViBe\Debug\vc110.idb
D:\wstudy\second\2.Segcode\code\ViBe\ViBe\Debug\vc110.pdb
D:\wstudy\second\2.Segcode\code\ViBe\ViBe\Debug\ViBe.pdb
D:\wstudy\second\2.Segcode\code\ViBe\ViBe\Debug\ViBe.exe
